<?xml version="1.0" encoding="UTF-8"?>
<!-- Generated by org.testng.reporters.JUnitXMLReporter -->
<testsuite ignored="0" hostname="BINTERNS-QA47L" failures="0" tests="18" name="Default test" time="76.309" errors="0" timestamp="2023-05-18T14:36:45 IST">
  <testcase classname="UBERTESTCASE.FreightTest" name="LogoF_check" time="0.041"/>
  <testcase classname="UBERTESTCASE.FreightTest" name="Shipperb_Check" time="4.44"/>
  <testcase classname="UBERTESTCASE.FreightTest" name="Carrierbt_Check" time="3.599"/>
  <testcase classname="UBERTESTCASE.FreightTest" name="Resourcebt_ch" time="0.099"/>
  <testcase classname="UBERTESTCASE.FreightTest" name="resourceitems_check" time="4.608"/>
  <testcase classname="UBERTESTCASE.FreightTest" name="Company_btCheck" time="0.1"/>
  <testcase classname="UBERTESTCASE.FreightTest" name="CompanuItem_ch" time="1.61"/>
  <testcase classname="UBERTESTCASE.FreightTest" name="support_btCheck" time="0.096"/>
  <testcase classname="UBERTESTCASE.FreightTest" name="supportItem_ch" time="5.372"/>
  <testcase classname="UBERTESTCASE.FreightTest" name="ship_with" time="5.6"/>
  <testcase classname="UBERTESTCASE.FreightTest" name="Request_demo" time="6.709"/>
  <testcase classname="UBERTESTCASE.FreightTest" name="Request_details" time="0.708"/>
  <testcase classname="UBERTESTCASE.FreightTest" name="CoonectWithexpert" time="4.711"/>
  <testcase classname="UBERTESTCASE.FreightTest" name="playvideo" time="5.926"/>
  <testcase classname="UBERTESTCASE.FreightTest" name="language_cha" time="7.756"/>
  <testcase classname="UBERTESTCASE.FreightTest" name="Modes_chec" time="2.546"/>
  <testcase classname="UBERTESTCASE.FreightTest" name="cross_chec" time="4.26"/>
  <testcase classname="UBERTESTCASE.FreightTest" name="sc_check" time="2.179"/>
</testsuite> <!-- Default test -->
