<?xml version="1.0" encoding="UTF-8"?>
<testng-results ignored="0" total="18" passed="18" failed="0" skipped="0">
  <reporter-output>
  </reporter-output>
  <suite started-at="2023-05-18T14:35:29 IST" name="Default suite" finished-at="2023-05-18T14:36:45 IST" duration-ms="76309">
    <groups>
    </groups>
    <test started-at="2023-05-18T14:35:29 IST" name="Default test" finished-at="2023-05-18T14:36:45 IST" duration-ms="76309">
      <class name="UBERTESTCASE.FreightTest">
        <test-method is-config="true" signature="launchf()[pri:0, instance:UBERTESTCASE.FreightTest@6e6f2380]" started-at="2023-05-18T14:35:29 IST" name="launchf" finished-at="2023-05-18T14:35:42 IST" duration-ms="12576" status="PASS">
          <reporter-output>
          </reporter-output>
        </test-method> <!-- launchf -->
        <test-method signature="LogoF_check()[pri:1, instance:UBERTESTCASE.FreightTest@6e6f2380]" started-at="2023-05-18T14:35:42 IST" name="LogoF_check" finished-at="2023-05-18T14:35:42 IST" duration-ms="41" status="PASS">
          <reporter-output>
          </reporter-output>
        </test-method> <!-- LogoF_check -->
        <test-method signature="Shipperb_Check()[pri:2, instance:UBERTESTCASE.FreightTest@6e6f2380]" started-at="2023-05-18T14:35:42 IST" name="Shipperb_Check" finished-at="2023-05-18T14:35:46 IST" duration-ms="4440" status="PASS">
          <reporter-output>
          </reporter-output>
        </test-method> <!-- Shipperb_Check -->
        <test-method signature="Carrierbt_Check()[pri:6, instance:UBERTESTCASE.FreightTest@6e6f2380]" started-at="2023-05-18T14:35:46 IST" name="Carrierbt_Check" finished-at="2023-05-18T14:35:50 IST" duration-ms="3599" status="PASS">
          <reporter-output>
          </reporter-output>
        </test-method> <!-- Carrierbt_Check -->
        <test-method signature="Resourcebt_ch()[pri:7, instance:UBERTESTCASE.FreightTest@6e6f2380]" started-at="2023-05-18T14:35:50 IST" name="Resourcebt_ch" finished-at="2023-05-18T14:35:50 IST" duration-ms="99" status="PASS">
          <reporter-output>
          </reporter-output>
        </test-method> <!-- Resourcebt_ch -->
        <test-method signature="resourceitems_check()[pri:8, instance:UBERTESTCASE.FreightTest@6e6f2380]" started-at="2023-05-18T14:35:50 IST" name="resourceitems_check" finished-at="2023-05-18T14:35:54 IST" depends-on-methods="UBERTESTCASE.FreightTest.Resourcebt_ch" duration-ms="4608" status="PASS">
          <reporter-output>
          </reporter-output>
        </test-method> <!-- resourceitems_check -->
        <test-method signature="Company_btCheck()[pri:9, instance:UBERTESTCASE.FreightTest@6e6f2380]" started-at="2023-05-18T14:35:54 IST" name="Company_btCheck" finished-at="2023-05-18T14:35:54 IST" duration-ms="100" status="PASS">
          <reporter-output>
          </reporter-output>
        </test-method> <!-- Company_btCheck -->
        <test-method signature="CompanuItem_ch()[pri:10, instance:UBERTESTCASE.FreightTest@6e6f2380]" started-at="2023-05-18T14:35:54 IST" name="CompanuItem_ch" finished-at="2023-05-18T14:35:56 IST" depends-on-methods="UBERTESTCASE.FreightTest.Company_btCheck" duration-ms="1610" status="PASS">
          <reporter-output>
          </reporter-output>
        </test-method> <!-- CompanuItem_ch -->
        <test-method signature="support_btCheck()[pri:11, instance:UBERTESTCASE.FreightTest@6e6f2380]" started-at="2023-05-18T14:35:56 IST" name="support_btCheck" finished-at="2023-05-18T14:35:56 IST" duration-ms="96" status="PASS">
          <reporter-output>
          </reporter-output>
        </test-method> <!-- support_btCheck -->
        <test-method signature="supportItem_ch()[pri:12, instance:UBERTESTCASE.FreightTest@6e6f2380]" started-at="2023-05-18T14:35:56 IST" name="supportItem_ch" finished-at="2023-05-18T14:36:02 IST" depends-on-methods="UBERTESTCASE.FreightTest.support_btCheck" duration-ms="5372" status="PASS">
          <reporter-output>
          </reporter-output>
        </test-method> <!-- supportItem_ch -->
        <test-method signature="ship_with()[pri:13, instance:UBERTESTCASE.FreightTest@6e6f2380]" started-at="2023-05-18T14:36:02 IST" name="ship_with" finished-at="2023-05-18T14:36:07 IST" duration-ms="5600" status="PASS">
          <reporter-output>
          </reporter-output>
        </test-method> <!-- ship_with -->
        <test-method signature="Request_demo()[pri:14, instance:UBERTESTCASE.FreightTest@6e6f2380]" started-at="2023-05-18T14:36:07 IST" name="Request_demo" finished-at="2023-05-18T14:36:14 IST" duration-ms="6709" status="PASS">
          <reporter-output>
          </reporter-output>
        </test-method> <!-- Request_demo -->
        <test-method signature="Request_details()[pri:15, instance:UBERTESTCASE.FreightTest@6e6f2380]" started-at="2023-05-18T14:36:14 IST" name="Request_details" finished-at="2023-05-18T14:36:15 IST" depends-on-methods="UBERTESTCASE.FreightTest.Request_demo" duration-ms="708" status="PASS">
          <reporter-output>
          </reporter-output>
        </test-method> <!-- Request_details -->
        <test-method signature="CoonectWithexpert()[pri:16, instance:UBERTESTCASE.FreightTest@6e6f2380]" started-at="2023-05-18T14:36:15 IST" name="CoonectWithexpert" finished-at="2023-05-18T14:36:19 IST" duration-ms="4711" status="PASS">
          <reporter-output>
          </reporter-output>
        </test-method> <!-- CoonectWithexpert -->
        <test-method signature="playvideo()[pri:17, instance:UBERTESTCASE.FreightTest@6e6f2380]" started-at="2023-05-18T14:36:19 IST" name="playvideo" finished-at="2023-05-18T14:36:25 IST" duration-ms="5926" status="PASS">
          <reporter-output>
          </reporter-output>
        </test-method> <!-- playvideo -->
        <test-method signature="language_cha()[pri:18, instance:UBERTESTCASE.FreightTest@6e6f2380]" started-at="2023-05-18T14:36:25 IST" name="language_cha" finished-at="2023-05-18T14:36:33 IST" duration-ms="7756" status="PASS">
          <reporter-output>
          </reporter-output>
        </test-method> <!-- language_cha -->
        <test-method signature="Modes_chec()[pri:19, instance:UBERTESTCASE.FreightTest@6e6f2380]" started-at="2023-05-18T14:36:33 IST" name="Modes_chec" finished-at="2023-05-18T14:36:36 IST" duration-ms="2546" status="PASS">
          <reporter-output>
          </reporter-output>
        </test-method> <!-- Modes_chec -->
        <test-method signature="cross_chec()[pri:20, instance:UBERTESTCASE.FreightTest@6e6f2380]" started-at="2023-05-18T14:36:36 IST" name="cross_chec" finished-at="2023-05-18T14:36:40 IST" duration-ms="4260" status="PASS">
          <reporter-output>
          </reporter-output>
        </test-method> <!-- cross_chec -->
        <test-method signature="sc_check()[pri:21, instance:UBERTESTCASE.FreightTest@6e6f2380]" started-at="2023-05-18T14:36:40 IST" name="sc_check" finished-at="2023-05-18T14:36:42 IST" duration-ms="2179" status="PASS">
          <reporter-output>
          </reporter-output>
        </test-method> <!-- sc_check -->
        <test-method is-config="true" signature="khtam()[pri:0, instance:UBERTESTCASE.FreightTest@6e6f2380]" started-at="2023-05-18T14:36:42 IST" name="khtam" finished-at="2023-05-18T14:36:45 IST" duration-ms="3314" status="PASS">
          <reporter-output>
          </reporter-output>
        </test-method> <!-- khtam -->
      </class> <!-- UBERTESTCASE.FreightTest -->
    </test> <!-- Default test -->
  </suite> <!-- Default suite -->
</testng-results>
